{"C:\\ReactMainPract\\jsToReact\\src\\components\\About.jsx": {"path":"C:\\ReactMainPract\\jsToReact\\src\\components\\About.jsx","statementMap":{"0":{"start":{"line":5,"column":14},"end":{"line":31,"column":1}},"1":{"start":{"line":7,"column":3},"end":{"line":30,"column":5}}},"fnMap":{"0":{"name":"(anonymous_0)","decl":{"start":{"line":5,"column":14},"end":{"line":5,"column":15}},"loc":{"start":{"line":5,"column":20},"end":{"line":31,"column":1}},"line":5}},"branchMap":{"0":{"loc":{"start":{"line":13,"column":13},"end":{"line":13,"column":60}},"type":"cond-expr","locations":[{"start":{"line":13,"column":29},"end":{"line":13,"column":53}},{"start":{"line":13,"column":56},"end":{"line":13,"column":60}}],"line":13}},"s":{"0":1,"1":2},"f":{"0":2},"b":{"0":[0,2]},"_coverageSchema":"1a1c01bbd47fc00a2c39e90264f33305004495a9","hash":"50885ef1b2fe7e403d7dab92e88b928b3582ba6c"}
,"C:\\ReactMainPract\\jsToReact\\src\\components\\sum.js": {"path":"C:\\ReactMainPract\\jsToReact\\src\\components\\sum.js","statementMap":{"0":{"start":{"line":1,"column":19},"end":{"line":3,"column":1}},"1":{"start":{"line":2,"column":3},"end":{"line":2,"column":16}}},"fnMap":{"0":{"name":"(anonymous_0)","decl":{"start":{"line":1,"column":19},"end":{"line":1,"column":20}},"loc":{"start":{"line":1,"column":29},"end":{"line":3,"column":1}},"line":1}},"branchMap":{},"s":{"0":1,"1":1},"f":{"0":1},"b":{},"_coverageSchema":"1a1c01bbd47fc00a2c39e90264f33305004495a9","hash":"1cc19b7053fb269824fd2418720341d1c2fc1a65"}
}
