{"C:\\ReactMainPract\\jsToReact\\src\\components\\About.jsx": {"path":"C:\\ReactMainPract\\jsToReact\\src\\components\\About.jsx","statementMap":{"0":{"start":{"line":3,"column":14},"end":{"line":25,"column":1}},"1":{"start":{"line":4,"column":3},"end":{"line":24,"column":5}}},"fnMap":{"0":{"name":"(anonymous_0)","decl":{"start":{"line":3,"column":14},"end":{"line":3,"column":15}},"loc":{"start":{"line":3,"column":20},"end":{"line":25,"column":1}},"line":3}},"branchMap":{},"s":{"0":1,"1":1},"f":{"0":1},"b":{},"_coverageSchema":"1a1c01bbd47fc00a2c39e90264f33305004495a9","hash":"a751c086dc7c86d0b16bd5607e2969d2d8547569"}
,"C:\\ReactMainPract\\jsToReact\\src\\components\\sum.js": {"path":"C:\\ReactMainPract\\jsToReact\\src\\components\\sum.js","statementMap":{"0":{"start":{"line":1,"column":19},"end":{"line":3,"column":1}},"1":{"start":{"line":2,"column":3},"end":{"line":2,"column":16}}},"fnMap":{"0":{"name":"(anonymous_0)","decl":{"start":{"line":1,"column":19},"end":{"line":1,"column":20}},"loc":{"start":{"line":1,"column":29},"end":{"line":3,"column":1}},"line":1}},"branchMap":{},"s":{"0":1,"1":1},"f":{"0":1},"b":{},"_coverageSchema":"1a1c01bbd47fc00a2c39e90264f33305004495a9","hash":"1cc19b7053fb269824fd2418720341d1c2fc1a65"}
}
